2020-12-13 07:59:54.750  INFO 10000 --- [restartedMain] c.n.Appointees.AppointeesApplication     : Starting AppointeesApplication on DESKTOP-CULSAEC with PID 10000 (C:\Users\serka\Documents\Appointees\target\classes started by serka in C:\Users\serka\Documents\Appointees)
2020-12-13 07:59:54.755  INFO 10000 --- [restartedMain] c.n.Appointees.AppointeesApplication     : No active profile set, falling back to default profiles: default
2020-12-13 07:59:54.820  INFO 10000 --- [restartedMain] .e.DevToolsPropertyDefaultsPostProcessor : Devtools property defaults active! Set 'spring.devtools.add-properties' to 'false' to disable
2020-12-13 07:59:54.823  INFO 10000 --- [restartedMain] .e.DevToolsPropertyDefaultsPostProcessor : For additional web related logging consider setting the 'logging.level.web' property to 'DEBUG'
2020-12-13 07:59:55.707  INFO 10000 --- [restartedMain] .s.d.r.c.RepositoryConfigurationDelegate : Bootstrapping Spring Data JPA repositories in DEFERRED mode.
2020-12-13 07:59:55.820  INFO 10000 --- [restartedMain] .s.d.r.c.RepositoryConfigurationDelegate : Finished Spring Data repository scanning in 103ms. Found 7 JPA repository interfaces.
2020-12-13 07:59:56.408  INFO 10000 --- [restartedMain] o.s.b.w.embedded.tomcat.TomcatWebServer  : Tomcat initialized with port(s): 8080 (http)
2020-12-13 07:59:56.417  INFO 10000 --- [restartedMain] o.apache.catalina.core.StandardService   : Starting service [Tomcat]
2020-12-13 07:59:56.417  INFO 10000 --- [restartedMain] org.apache.catalina.core.StandardEngine  : Starting Servlet engine: [Apache Tomcat/9.0.38]
2020-12-13 07:59:56.547  INFO 10000 --- [restartedMain] o.a.c.c.C.[Tomcat].[localhost].[/]       : Initializing Spring embedded WebApplicationContext
2020-12-13 07:59:56.547  INFO 10000 --- [restartedMain] w.s.c.ServletWebServerApplicationContext : Root WebApplicationContext: initialization completed in 1724 ms
2020-12-13 07:59:56.591  INFO 10000 --- [restartedMain] com.zaxxer.hikari.HikariDataSource       : HikariPool-1 - Starting...
2020-12-13 07:59:56.736  INFO 10000 --- [restartedMain] com.zaxxer.hikari.HikariDataSource       : HikariPool-1 - Start completed.
2020-12-13 07:59:56.743  INFO 10000 --- [restartedMain] o.s.b.a.h2.H2ConsoleAutoConfiguration    : H2 console available at '/h2'. Database available at 'jdbc:h2:mem:appointmentapp'
2020-12-13 07:59:56.876  INFO 10000 --- [restartedMain] o.s.s.concurrent.ThreadPoolTaskExecutor  : Initializing ExecutorService 'applicationTaskExecutor'
2020-12-13 07:59:56.925  INFO 10000 --- [task-1] o.hibernate.jpa.internal.util.LogHelper  : HHH000204: Processing PersistenceUnitInfo [name: default]
2020-12-13 07:59:56.973  INFO 10000 --- [task-1] org.hibernate.Version                    : HHH000412: Hibernate ORM core version 5.4.21.Final
2020-12-13 07:59:56.981  WARN 10000 --- [restartedMain] JpaBaseConfiguration$JpaWebConfiguration : spring.jpa.open-in-view is enabled by default. Therefore, database queries may be performed during view rendering. Explicitly configure spring.jpa.open-in-view to disable this warning
2020-12-13 07:59:57.162  INFO 10000 --- [task-1] o.hibernate.annotations.common.Version   : HCANN000001: Hibernate Commons Annotations {5.1.0.Final}
2020-12-13 07:59:57.278  INFO 10000 --- [task-1] org.hibernate.dialect.Dialect            : HHH000400: Using dialect: org.hibernate.dialect.H2Dialect
2020-12-13 07:59:57.365  INFO 10000 --- [restartedMain] o.s.b.d.a.OptionalLiveReloadServer       : LiveReload server is running on port 35729
2020-12-13 07:59:57.404  INFO 10000 --- [restartedMain] o.s.b.w.embedded.tomcat.TomcatWebServer  : Tomcat started on port(s): 8080 (http) with context path ''
2020-12-13 07:59:57.406  INFO 10000 --- [restartedMain] DeferredRepositoryInitializationListener : Triggering deferred initialization of Spring Data repositories…
2020-12-13 07:59:58.291  INFO 10000 --- [task-1] o.h.e.t.j.p.i.JtaPlatformInitiator       : HHH000490: Using JtaPlatform implementation: [org.hibernate.engine.transaction.jta.platform.internal.NoJtaPlatform]
2020-12-13 07:59:58.298  INFO 10000 --- [task-1] j.LocalContainerEntityManagerFactoryBean : Initialized JPA EntityManagerFactory for persistence unit 'default'
2020-12-13 07:59:58.617  INFO 10000 --- [restartedMain] DeferredRepositoryInitializationListener : Spring Data repositories initialized!
2020-12-13 07:59:58.626  INFO 10000 --- [restartedMain] c.n.Appointees.AppointeesApplication     : Started AppointeesApplication in 4.428 seconds (JVM running for 5.444)
2020-12-13 08:00:28.839  INFO 10000 --- [http-nio-8080-exec-1] o.a.c.c.C.[Tomcat].[localhost].[/]       : Initializing Spring DispatcherServlet 'dispatcherServlet'
2020-12-13 08:00:28.840  INFO 10000 --- [http-nio-8080-exec-1] o.s.web.servlet.DispatcherServlet        : Initializing Servlet 'dispatcherServlet'
2020-12-13 08:00:28.850  INFO 10000 --- [http-nio-8080-exec-1] o.s.web.servlet.DispatcherServlet        : Completed initialization in 10 ms
2020-12-13 08:07:47.048  INFO 5128 --- [restartedMain] c.n.Appointees.AppointeesApplication     : Starting AppointeesApplication on DESKTOP-CULSAEC with PID 5128 (C:\Users\serka\Documents\Appointees\target\classes started by serka in C:\Users\serka\Documents\Appointees)
2020-12-13 08:07:47.069  INFO 5128 --- [restartedMain] c.n.Appointees.AppointeesApplication     : No active profile set, falling back to default profiles: default
2020-12-13 08:07:47.121  INFO 5128 --- [restartedMain] .e.DevToolsPropertyDefaultsPostProcessor : Devtools property defaults active! Set 'spring.devtools.add-properties' to 'false' to disable
2020-12-13 08:07:47.122  INFO 5128 --- [restartedMain] .e.DevToolsPropertyDefaultsPostProcessor : For additional web related logging consider setting the 'logging.level.web' property to 'DEBUG'
2020-12-13 08:07:47.908  INFO 5128 --- [restartedMain] .s.d.r.c.RepositoryConfigurationDelegate : Bootstrapping Spring Data JPA repositories in DEFERRED mode.
2020-12-13 08:07:48.014  INFO 5128 --- [restartedMain] .s.d.r.c.RepositoryConfigurationDelegate : Finished Spring Data repository scanning in 97ms. Found 7 JPA repository interfaces.
2020-12-13 08:07:48.553  INFO 5128 --- [restartedMain] o.s.b.w.embedded.tomcat.TomcatWebServer  : Tomcat initialized with port(s): 8080 (http)
2020-12-13 08:07:48.563  INFO 5128 --- [restartedMain] o.apache.catalina.core.StandardService   : Starting service [Tomcat]
2020-12-13 08:07:48.564  INFO 5128 --- [restartedMain] org.apache.catalina.core.StandardEngine  : Starting Servlet engine: [Apache Tomcat/9.0.38]
2020-12-13 08:07:48.683  INFO 5128 --- [restartedMain] o.a.c.c.C.[Tomcat].[localhost].[/]       : Initializing Spring embedded WebApplicationContext
2020-12-13 08:07:48.683  INFO 5128 --- [restartedMain] w.s.c.ServletWebServerApplicationContext : Root WebApplicationContext: initialization completed in 1561 ms
2020-12-13 08:07:48.724  INFO 5128 --- [restartedMain] com.zaxxer.hikari.HikariDataSource       : HikariPool-1 - Starting...
2020-12-13 08:07:48.824  INFO 5128 --- [restartedMain] com.zaxxer.hikari.HikariDataSource       : HikariPool-1 - Start completed.
2020-12-13 08:07:48.830  INFO 5128 --- [restartedMain] o.s.b.a.h2.H2ConsoleAutoConfiguration    : H2 console available at '/h2'. Database available at 'jdbc:h2:mem:appointmentapp'
2020-12-13 08:07:48.950  INFO 5128 --- [restartedMain] o.s.s.concurrent.ThreadPoolTaskExecutor  : Initializing ExecutorService 'applicationTaskExecutor'
2020-12-13 08:07:49.000  INFO 5128 --- [task-1] o.hibernate.jpa.internal.util.LogHelper  : HHH000204: Processing PersistenceUnitInfo [name: default]
2020-12-13 08:07:49.049  INFO 5128 --- [task-1] org.hibernate.Version                    : HHH000412: Hibernate ORM core version 5.4.21.Final
2020-12-13 08:07:49.062  WARN 5128 --- [restartedMain] JpaBaseConfiguration$JpaWebConfiguration : spring.jpa.open-in-view is enabled by default. Therefore, database queries may be performed during view rendering. Explicitly configure spring.jpa.open-in-view to disable this warning
2020-12-13 08:07:49.241  INFO 5128 --- [task-1] o.hibernate.annotations.common.Version   : HCANN000001: Hibernate Commons Annotations {5.1.0.Final}
2020-12-13 08:07:49.359  INFO 5128 --- [task-1] org.hibernate.dialect.Dialect            : HHH000400: Using dialect: org.hibernate.dialect.H2Dialect
2020-12-13 08:07:49.462  INFO 5128 --- [restartedMain] o.s.b.d.a.OptionalLiveReloadServer       : LiveReload server is running on port 35729
2020-12-13 08:07:49.501  INFO 5128 --- [restartedMain] o.s.b.w.embedded.tomcat.TomcatWebServer  : Tomcat started on port(s): 8080 (http) with context path ''
2020-12-13 08:07:49.503  INFO 5128 --- [restartedMain] DeferredRepositoryInitializationListener : Triggering deferred initialization of Spring Data repositories…
2020-12-13 08:07:50.376  INFO 5128 --- [task-1] o.h.e.t.j.p.i.JtaPlatformInitiator       : HHH000490: Using JtaPlatform implementation: [org.hibernate.engine.transaction.jta.platform.internal.NoJtaPlatform]
2020-12-13 08:07:50.384  INFO 5128 --- [task-1] j.LocalContainerEntityManagerFactoryBean : Initialized JPA EntityManagerFactory for persistence unit 'default'
2020-12-13 08:07:50.719  INFO 5128 --- [restartedMain] DeferredRepositoryInitializationListener : Spring Data repositories initialized!
2020-12-13 08:07:50.728  INFO 5128 --- [restartedMain] c.n.Appointees.AppointeesApplication     : Started AppointeesApplication in 4.125 seconds (JVM running for 5.022)
2020-12-13 08:09:14.160  INFO 13512 --- [restartedMain] c.n.Appointees.AppointeesApplication     : Starting AppointeesApplication on DESKTOP-CULSAEC with PID 13512 (C:\Users\serka\Documents\Appointees\target\classes started by serka in C:\Users\serka\Documents\Appointees)
2020-12-13 08:09:14.176  INFO 13512 --- [restartedMain] c.n.Appointees.AppointeesApplication     : No active profile set, falling back to default profiles: default
2020-12-13 08:09:14.228  INFO 13512 --- [restartedMain] .e.DevToolsPropertyDefaultsPostProcessor : Devtools property defaults active! Set 'spring.devtools.add-properties' to 'false' to disable
2020-12-13 08:09:14.228  INFO 13512 --- [restartedMain] .e.DevToolsPropertyDefaultsPostProcessor : For additional web related logging consider setting the 'logging.level.web' property to 'DEBUG'
2020-12-13 08:09:14.986  INFO 13512 --- [restartedMain] .s.d.r.c.RepositoryConfigurationDelegate : Bootstrapping Spring Data JPA repositories in DEFERRED mode.
2020-12-13 08:09:15.089  INFO 13512 --- [restartedMain] .s.d.r.c.RepositoryConfigurationDelegate : Finished Spring Data repository scanning in 94ms. Found 7 JPA repository interfaces.
2020-12-13 08:09:15.630  INFO 13512 --- [restartedMain] o.s.b.w.embedded.tomcat.TomcatWebServer  : Tomcat initialized with port(s): 8080 (http)
2020-12-13 08:09:15.639  INFO 13512 --- [restartedMain] o.apache.catalina.core.StandardService   : Starting service [Tomcat]
2020-12-13 08:09:15.639  INFO 13512 --- [restartedMain] org.apache.catalina.core.StandardEngine  : Starting Servlet engine: [Apache Tomcat/9.0.38]
2020-12-13 08:09:15.773  INFO 13512 --- [restartedMain] o.a.c.c.C.[Tomcat].[localhost].[/]       : Initializing Spring embedded WebApplicationContext
2020-12-13 08:09:15.774  INFO 13512 --- [restartedMain] w.s.c.ServletWebServerApplicationContext : Root WebApplicationContext: initialization completed in 1546 ms
2020-12-13 08:09:15.817  INFO 13512 --- [restartedMain] com.zaxxer.hikari.HikariDataSource       : HikariPool-1 - Starting...
2020-12-13 08:09:15.920  INFO 13512 --- [restartedMain] com.zaxxer.hikari.HikariDataSource       : HikariPool-1 - Start completed.
2020-12-13 08:09:15.926  INFO 13512 --- [restartedMain] o.s.b.a.h2.H2ConsoleAutoConfiguration    : H2 console available at '/h2'. Database available at 'jdbc:h2:mem:appointmentapp'
2020-12-13 08:09:16.050  INFO 13512 --- [restartedMain] o.s.s.concurrent.ThreadPoolTaskExecutor  : Initializing ExecutorService 'applicationTaskExecutor'
2020-12-13 08:09:16.101  INFO 13512 --- [task-1] o.hibernate.jpa.internal.util.LogHelper  : HHH000204: Processing PersistenceUnitInfo [name: default]
2020-12-13 08:09:16.150  INFO 13512 --- [task-1] org.hibernate.Version                    : HHH000412: Hibernate ORM core version 5.4.21.Final
2020-12-13 08:09:16.160  WARN 13512 --- [restartedMain] JpaBaseConfiguration$JpaWebConfiguration : spring.jpa.open-in-view is enabled by default. Therefore, database queries may be performed during view rendering. Explicitly configure spring.jpa.open-in-view to disable this warning
2020-12-13 08:09:16.342  INFO 13512 --- [task-1] o.hibernate.annotations.common.Version   : HCANN000001: Hibernate Commons Annotations {5.1.0.Final}
2020-12-13 08:09:16.457  INFO 13512 --- [task-1] org.hibernate.dialect.Dialect            : HHH000400: Using dialect: org.hibernate.dialect.H2Dialect
2020-12-13 08:09:16.541  INFO 13512 --- [restartedMain] o.s.b.d.a.OptionalLiveReloadServer       : LiveReload server is running on port 35729
2020-12-13 08:09:16.576  INFO 13512 --- [restartedMain] o.s.b.w.embedded.tomcat.TomcatWebServer  : Tomcat started on port(s): 8080 (http) with context path ''
2020-12-13 08:09:16.578  INFO 13512 --- [restartedMain] DeferredRepositoryInitializationListener : Triggering deferred initialization of Spring Data repositories…
2020-12-13 08:09:17.427  INFO 13512 --- [task-1] o.h.e.t.j.p.i.JtaPlatformInitiator       : HHH000490: Using JtaPlatform implementation: [org.hibernate.engine.transaction.jta.platform.internal.NoJtaPlatform]
2020-12-13 08:09:17.436  INFO 13512 --- [task-1] j.LocalContainerEntityManagerFactoryBean : Initialized JPA EntityManagerFactory for persistence unit 'default'
2020-12-13 08:09:17.743  INFO 13512 --- [restartedMain] DeferredRepositoryInitializationListener : Spring Data repositories initialized!
2020-12-13 08:09:17.751  INFO 13512 --- [restartedMain] c.n.Appointees.AppointeesApplication     : Started AppointeesApplication in 4.039 seconds (JVM running for 4.968)
2020-12-13 08:09:52.361  INFO 13512 --- [http-nio-8080-exec-1] o.a.c.c.C.[Tomcat].[localhost].[/]       : Initializing Spring DispatcherServlet 'dispatcherServlet'
2020-12-13 08:09:52.362  INFO 13512 --- [http-nio-8080-exec-1] o.s.web.servlet.DispatcherServlet        : Initializing Servlet 'dispatcherServlet'
2020-12-13 08:09:52.368  INFO 13512 --- [http-nio-8080-exec-1] o.s.web.servlet.DispatcherServlet        : Completed initialization in 6 ms
2020-12-13 08:09:52.460  INFO 13512 --- [http-nio-8080-exec-1] c.n.A.controller.CompanyController       : New branch creation attemptcom.notsecure.Appointees.entity.Branch@13ea97c5
2020-12-13 08:12:23.013  INFO 23504 --- [restartedMain] c.n.Appointees.AppointeesApplication     : Starting AppointeesApplication on DESKTOP-CULSAEC with PID 23504 (C:\Users\serka\Documents\Appointees\target\classes started by serka in C:\Users\serka\Documents\Appointees)
2020-12-13 08:12:23.016  INFO 23504 --- [restartedMain] c.n.Appointees.AppointeesApplication     : No active profile set, falling back to default profiles: default
2020-12-13 08:12:23.081  INFO 23504 --- [restartedMain] .e.DevToolsPropertyDefaultsPostProcessor : Devtools property defaults active! Set 'spring.devtools.add-properties' to 'false' to disable
2020-12-13 08:12:23.082  INFO 23504 --- [restartedMain] .e.DevToolsPropertyDefaultsPostProcessor : For additional web related logging consider setting the 'logging.level.web' property to 'DEBUG'
2020-12-13 08:12:23.894  INFO 23504 --- [restartedMain] .s.d.r.c.RepositoryConfigurationDelegate : Bootstrapping Spring Data JPA repositories in DEFERRED mode.
2020-12-13 08:12:24.010  INFO 23504 --- [restartedMain] .s.d.r.c.RepositoryConfigurationDelegate : Finished Spring Data repository scanning in 106ms. Found 7 JPA repository interfaces.
2020-12-13 08:12:24.554  INFO 23504 --- [restartedMain] o.s.b.w.embedded.tomcat.TomcatWebServer  : Tomcat initialized with port(s): 8080 (http)
2020-12-13 08:12:24.562  INFO 23504 --- [restartedMain] o.apache.catalina.core.StandardService   : Starting service [Tomcat]
2020-12-13 08:12:24.563  INFO 23504 --- [restartedMain] org.apache.catalina.core.StandardEngine  : Starting Servlet engine: [Apache Tomcat/9.0.38]
2020-12-13 08:12:24.680  INFO 23504 --- [restartedMain] o.a.c.c.C.[Tomcat].[localhost].[/]       : Initializing Spring embedded WebApplicationContext
2020-12-13 08:12:24.680  INFO 23504 --- [restartedMain] w.s.c.ServletWebServerApplicationContext : Root WebApplicationContext: initialization completed in 1598 ms
2020-12-13 08:12:24.720  INFO 23504 --- [restartedMain] com.zaxxer.hikari.HikariDataSource       : HikariPool-1 - Starting...
2020-12-13 08:12:24.820  INFO 23504 --- [restartedMain] com.zaxxer.hikari.HikariDataSource       : HikariPool-1 - Start completed.
2020-12-13 08:12:24.827  INFO 23504 --- [restartedMain] o.s.b.a.h2.H2ConsoleAutoConfiguration    : H2 console available at '/h2'. Database available at 'jdbc:h2:mem:appointmentapp'
2020-12-13 08:12:24.952  INFO 23504 --- [restartedMain] o.s.s.concurrent.ThreadPoolTaskExecutor  : Initializing ExecutorService 'applicationTaskExecutor'
2020-12-13 08:12:25.016  INFO 23504 --- [task-1] o.hibernate.jpa.internal.util.LogHelper  : HHH000204: Processing PersistenceUnitInfo [name: default]
2020-12-13 08:12:25.063  INFO 23504 --- [task-1] org.hibernate.Version                    : HHH000412: Hibernate ORM core version 5.4.21.Final
2020-12-13 08:12:25.074  WARN 23504 --- [restartedMain] JpaBaseConfiguration$JpaWebConfiguration : spring.jpa.open-in-view is enabled by default. Therefore, database queries may be performed during view rendering. Explicitly configure spring.jpa.open-in-view to disable this warning
2020-12-13 08:12:25.249  INFO 23504 --- [task-1] o.hibernate.annotations.common.Version   : HCANN000001: Hibernate Commons Annotations {5.1.0.Final}
2020-12-13 08:12:25.367  INFO 23504 --- [task-1] org.hibernate.dialect.Dialect            : HHH000400: Using dialect: org.hibernate.dialect.H2Dialect
2020-12-13 08:12:25.465  INFO 23504 --- [restartedMain] o.s.b.d.a.OptionalLiveReloadServer       : LiveReload server is running on port 35729
2020-12-13 08:12:25.502  INFO 23504 --- [restartedMain] o.s.b.w.embedded.tomcat.TomcatWebServer  : Tomcat started on port(s): 8080 (http) with context path ''
2020-12-13 08:12:25.505  INFO 23504 --- [restartedMain] DeferredRepositoryInitializationListener : Triggering deferred initialization of Spring Data repositories…
2020-12-13 08:12:26.388  INFO 23504 --- [task-1] o.h.e.t.j.p.i.JtaPlatformInitiator       : HHH000490: Using JtaPlatform implementation: [org.hibernate.engine.transaction.jta.platform.internal.NoJtaPlatform]
2020-12-13 08:12:26.395  INFO 23504 --- [task-1] j.LocalContainerEntityManagerFactoryBean : Initialized JPA EntityManagerFactory for persistence unit 'default'
2020-12-13 08:12:26.694  INFO 23504 --- [restartedMain] DeferredRepositoryInitializationListener : Spring Data repositories initialized!
2020-12-13 08:12:26.703  INFO 23504 --- [restartedMain] c.n.Appointees.AppointeesApplication     : Started AppointeesApplication in 4.148 seconds (JVM running for 5.089)
2020-12-13 08:12:40.026  INFO 23504 --- [http-nio-8080-exec-2] o.a.c.c.C.[Tomcat].[localhost].[/]       : Initializing Spring DispatcherServlet 'dispatcherServlet'
2020-12-13 08:12:40.027  INFO 23504 --- [http-nio-8080-exec-2] o.s.web.servlet.DispatcherServlet        : Initializing Servlet 'dispatcherServlet'
2020-12-13 08:12:40.036  INFO 23504 --- [http-nio-8080-exec-2] o.s.web.servlet.DispatcherServlet        : Completed initialization in 9 ms
2020-12-13 08:12:40.138  INFO 23504 --- [http-nio-8080-exec-2] c.n.A.controller.CompanyController       : New branch creation attemptBranch(zoneId=Europe/Istanbul, company=null, separateBilling=false, accountInfo=null)
2020-12-13 09:04:46.706  INFO 12696 --- [restartedMain] c.n.Appointees.AppointeesApplication     : Starting AppointeesApplication on DESKTOP-CULSAEC with PID 12696 (C:\Users\serka\Documents\Appointees\target\classes started by serka in C:\Users\serka\Documents\Appointees)
2020-12-13 09:04:46.710  INFO 12696 --- [restartedMain] c.n.Appointees.AppointeesApplication     : No active profile set, falling back to default profiles: default
2020-12-13 09:04:46.780  INFO 12696 --- [restartedMain] .e.DevToolsPropertyDefaultsPostProcessor : Devtools property defaults active! Set 'spring.devtools.add-properties' to 'false' to disable
2020-12-13 09:04:46.780  INFO 12696 --- [restartedMain] .e.DevToolsPropertyDefaultsPostProcessor : For additional web related logging consider setting the 'logging.level.web' property to 'DEBUG'
2020-12-13 09:04:47.650  INFO 12696 --- [restartedMain] .s.d.r.c.RepositoryConfigurationDelegate : Bootstrapping Spring Data JPA repositories in DEFERRED mode.
2020-12-13 09:04:47.776  INFO 12696 --- [restartedMain] .s.d.r.c.RepositoryConfigurationDelegate : Finished Spring Data repository scanning in 117ms. Found 9 JPA repository interfaces.
2020-12-13 09:04:48.334  INFO 12696 --- [restartedMain] o.s.b.w.embedded.tomcat.TomcatWebServer  : Tomcat initialized with port(s): 8080 (http)
2020-12-13 09:04:48.342  INFO 12696 --- [restartedMain] o.apache.catalina.core.StandardService   : Starting service [Tomcat]
2020-12-13 09:04:48.343  INFO 12696 --- [restartedMain] org.apache.catalina.core.StandardEngine  : Starting Servlet engine: [Apache Tomcat/9.0.38]
2020-12-13 09:04:48.464  INFO 12696 --- [restartedMain] o.a.c.c.C.[Tomcat].[localhost].[/]       : Initializing Spring embedded WebApplicationContext
2020-12-13 09:04:48.464  INFO 12696 --- [restartedMain] w.s.c.ServletWebServerApplicationContext : Root WebApplicationContext: initialization completed in 1684 ms
2020-12-13 09:04:48.505  INFO 12696 --- [restartedMain] com.zaxxer.hikari.HikariDataSource       : HikariPool-1 - Starting...
2020-12-13 09:04:48.606  INFO 12696 --- [restartedMain] com.zaxxer.hikari.HikariDataSource       : HikariPool-1 - Start completed.
2020-12-13 09:04:48.612  INFO 12696 --- [restartedMain] o.s.b.a.h2.H2ConsoleAutoConfiguration    : H2 console available at '/h2'. Database available at 'jdbc:h2:mem:appointmentapp'
2020-12-13 09:04:48.730  INFO 12696 --- [restartedMain] o.s.s.concurrent.ThreadPoolTaskExecutor  : Initializing ExecutorService 'applicationTaskExecutor'
2020-12-13 09:04:48.782  INFO 12696 --- [task-1] o.hibernate.jpa.internal.util.LogHelper  : HHH000204: Processing PersistenceUnitInfo [name: default]
2020-12-13 09:04:48.828  INFO 12696 --- [task-1] org.hibernate.Version                    : HHH000412: Hibernate ORM core version 5.4.21.Final
2020-12-13 09:04:48.837  WARN 12696 --- [restartedMain] JpaBaseConfiguration$JpaWebConfiguration : spring.jpa.open-in-view is enabled by default. Therefore, database queries may be performed during view rendering. Explicitly configure spring.jpa.open-in-view to disable this warning
2020-12-13 09:04:49.021  INFO 12696 --- [task-1] o.hibernate.annotations.common.Version   : HCANN000001: Hibernate Commons Annotations {5.1.0.Final}
2020-12-13 09:04:49.143  INFO 12696 --- [task-1] org.hibernate.dialect.Dialect            : HHH000400: Using dialect: org.hibernate.dialect.H2Dialect
2020-12-13 09:04:49.229  INFO 12696 --- [restartedMain] o.s.b.d.a.OptionalLiveReloadServer       : LiveReload server is running on port 35729
2020-12-13 09:04:49.266  INFO 12696 --- [restartedMain] o.s.b.w.embedded.tomcat.TomcatWebServer  : Tomcat started on port(s): 8080 (http) with context path ''
2020-12-13 09:04:49.268  INFO 12696 --- [restartedMain] DeferredRepositoryInitializationListener : Triggering deferred initialization of Spring Data repositories…
2020-12-13 09:04:50.134  INFO 12696 --- [task-1] o.h.e.t.j.p.i.JtaPlatformInitiator       : HHH000490: Using JtaPlatform implementation: [org.hibernate.engine.transaction.jta.platform.internal.NoJtaPlatform]
2020-12-13 09:04:50.142  INFO 12696 --- [task-1] j.LocalContainerEntityManagerFactoryBean : Initialized JPA EntityManagerFactory for persistence unit 'default'
2020-12-13 09:04:50.469  INFO 12696 --- [restartedMain] DeferredRepositoryInitializationListener : Spring Data repositories initialized!
2020-12-13 09:04:50.477  INFO 12696 --- [restartedMain] c.n.Appointees.AppointeesApplication     : Started AppointeesApplication in 4.215 seconds (JVM running for 5.192)
2020-12-13 09:08:24.292  INFO 11028 --- [restartedMain] c.n.Appointees.AppointeesApplication     : Starting AppointeesApplication on DESKTOP-CULSAEC with PID 11028 (C:\Users\serka\Documents\Appointees\target\classes started by serka in C:\Users\serka\Documents\Appointees)
2020-12-13 09:08:24.296  INFO 11028 --- [restartedMain] c.n.Appointees.AppointeesApplication     : No active profile set, falling back to default profiles: default
2020-12-13 09:08:24.363  INFO 11028 --- [restartedMain] .e.DevToolsPropertyDefaultsPostProcessor : Devtools property defaults active! Set 'spring.devtools.add-properties' to 'false' to disable
2020-12-13 09:08:24.363  INFO 11028 --- [restartedMain] .e.DevToolsPropertyDefaultsPostProcessor : For additional web related logging consider setting the 'logging.level.web' property to 'DEBUG'
2020-12-13 09:08:25.132  INFO 11028 --- [restartedMain] .s.d.r.c.RepositoryConfigurationDelegate : Bootstrapping Spring Data JPA repositories in DEFERRED mode.
2020-12-13 09:08:25.250  INFO 11028 --- [restartedMain] .s.d.r.c.RepositoryConfigurationDelegate : Finished Spring Data repository scanning in 108ms. Found 9 JPA repository interfaces.
2020-12-13 09:08:25.804  INFO 11028 --- [restartedMain] o.s.b.w.embedded.tomcat.TomcatWebServer  : Tomcat initialized with port(s): 8080 (http)
2020-12-13 09:08:25.813  INFO 11028 --- [restartedMain] o.apache.catalina.core.StandardService   : Starting service [Tomcat]
2020-12-13 09:08:25.813  INFO 11028 --- [restartedMain] org.apache.catalina.core.StandardEngine  : Starting Servlet engine: [Apache Tomcat/9.0.38]
2020-12-13 09:08:25.933  INFO 11028 --- [restartedMain] o.a.c.c.C.[Tomcat].[localhost].[/]       : Initializing Spring embedded WebApplicationContext
2020-12-13 09:08:25.933  INFO 11028 --- [restartedMain] w.s.c.ServletWebServerApplicationContext : Root WebApplicationContext: initialization completed in 1570 ms
2020-12-13 09:08:25.974  INFO 11028 --- [restartedMain] com.zaxxer.hikari.HikariDataSource       : HikariPool-1 - Starting...
2020-12-13 09:08:26.076  INFO 11028 --- [restartedMain] com.zaxxer.hikari.HikariDataSource       : HikariPool-1 - Start completed.
2020-12-13 09:08:26.083  INFO 11028 --- [restartedMain] o.s.b.a.h2.H2ConsoleAutoConfiguration    : H2 console available at '/h2'. Database available at 'jdbc:h2:mem:appointmentapp'
2020-12-13 09:08:26.202  INFO 11028 --- [restartedMain] o.s.s.concurrent.ThreadPoolTaskExecutor  : Initializing ExecutorService 'applicationTaskExecutor'
2020-12-13 09:08:26.254  INFO 11028 --- [task-1] o.hibernate.jpa.internal.util.LogHelper  : HHH000204: Processing PersistenceUnitInfo [name: default]
2020-12-13 09:08:26.300  INFO 11028 --- [task-1] org.hibernate.Version                    : HHH000412: Hibernate ORM core version 5.4.21.Final
2020-12-13 09:08:26.312  WARN 11028 --- [restartedMain] JpaBaseConfiguration$JpaWebConfiguration : spring.jpa.open-in-view is enabled by default. Therefore, database queries may be performed during view rendering. Explicitly configure spring.jpa.open-in-view to disable this warning
2020-12-13 09:08:26.500  INFO 11028 --- [task-1] o.hibernate.annotations.common.Version   : HCANN000001: Hibernate Commons Annotations {5.1.0.Final}
2020-12-13 09:08:26.615  INFO 11028 --- [task-1] org.hibernate.dialect.Dialect            : HHH000400: Using dialect: org.hibernate.dialect.H2Dialect
2020-12-13 09:08:26.711  INFO 11028 --- [restartedMain] o.s.b.d.a.OptionalLiveReloadServer       : LiveReload server is running on port 35729
2020-12-13 09:08:26.747  INFO 11028 --- [restartedMain] o.s.b.w.embedded.tomcat.TomcatWebServer  : Tomcat started on port(s): 8080 (http) with context path ''
2020-12-13 09:08:26.750  INFO 11028 --- [restartedMain] DeferredRepositoryInitializationListener : Triggering deferred initialization of Spring Data repositories…
2020-12-13 09:08:27.607  INFO 11028 --- [task-1] o.h.e.t.j.p.i.JtaPlatformInitiator       : HHH000490: Using JtaPlatform implementation: [org.hibernate.engine.transaction.jta.platform.internal.NoJtaPlatform]
2020-12-13 09:08:27.614  INFO 11028 --- [task-1] j.LocalContainerEntityManagerFactoryBean : Initialized JPA EntityManagerFactory for persistence unit 'default'
2020-12-13 09:08:27.933  INFO 11028 --- [restartedMain] DeferredRepositoryInitializationListener : Spring Data repositories initialized!
2020-12-13 09:08:27.945  INFO 11028 --- [restartedMain] c.n.Appointees.AppointeesApplication     : Started AppointeesApplication in 4.074 seconds (JVM running for 4.97)
2020-12-13 09:10:34.913  INFO 10164 --- [restartedMain] c.n.Appointees.AppointeesApplication     : Starting AppointeesApplication on DESKTOP-CULSAEC with PID 10164 (C:\Users\serka\Documents\Appointees\target\classes started by serka in C:\Users\serka\Documents\Appointees)
2020-12-13 09:10:34.925  INFO 10164 --- [restartedMain] c.n.Appointees.AppointeesApplication     : No active profile set, falling back to default profiles: default
2020-12-13 09:10:34.983  INFO 10164 --- [restartedMain] .e.DevToolsPropertyDefaultsPostProcessor : Devtools property defaults active! Set 'spring.devtools.add-properties' to 'false' to disable
2020-12-13 09:10:34.983  INFO 10164 --- [restartedMain] .e.DevToolsPropertyDefaultsPostProcessor : For additional web related logging consider setting the 'logging.level.web' property to 'DEBUG'
2020-12-13 09:10:35.759  INFO 10164 --- [restartedMain] .s.d.r.c.RepositoryConfigurationDelegate : Bootstrapping Spring Data JPA repositories in DEFERRED mode.
2020-12-13 09:10:35.878  INFO 10164 --- [restartedMain] .s.d.r.c.RepositoryConfigurationDelegate : Finished Spring Data repository scanning in 111ms. Found 9 JPA repository interfaces.
2020-12-13 09:10:36.437  INFO 10164 --- [restartedMain] o.s.b.w.embedded.tomcat.TomcatWebServer  : Tomcat initialized with port(s): 8080 (http)
2020-12-13 09:10:36.445  INFO 10164 --- [restartedMain] o.apache.catalina.core.StandardService   : Starting service [Tomcat]
2020-12-13 09:10:36.446  INFO 10164 --- [restartedMain] org.apache.catalina.core.StandardEngine  : Starting Servlet engine: [Apache Tomcat/9.0.38]
2020-12-13 09:10:36.563  INFO 10164 --- [restartedMain] o.a.c.c.C.[Tomcat].[localhost].[/]       : Initializing Spring embedded WebApplicationContext
2020-12-13 09:10:36.563  INFO 10164 --- [restartedMain] w.s.c.ServletWebServerApplicationContext : Root WebApplicationContext: initialization completed in 1579 ms
2020-12-13 09:10:36.603  INFO 10164 --- [restartedMain] com.zaxxer.hikari.HikariDataSource       : HikariPool-1 - Starting...
2020-12-13 09:10:36.701  INFO 10164 --- [restartedMain] com.zaxxer.hikari.HikariDataSource       : HikariPool-1 - Start completed.
2020-12-13 09:10:36.707  INFO 10164 --- [restartedMain] o.s.b.a.h2.H2ConsoleAutoConfiguration    : H2 console available at '/h2'. Database available at 'jdbc:h2:mem:appointmentapp'
2020-12-13 09:10:36.836  INFO 10164 --- [restartedMain] o.s.s.concurrent.ThreadPoolTaskExecutor  : Initializing ExecutorService 'applicationTaskExecutor'
2020-12-13 09:10:36.889  INFO 10164 --- [task-1] o.hibernate.jpa.internal.util.LogHelper  : HHH000204: Processing PersistenceUnitInfo [name: default]
2020-12-13 09:10:36.937  INFO 10164 --- [task-1] org.hibernate.Version                    : HHH000412: Hibernate ORM core version 5.4.21.Final
2020-12-13 09:10:36.950  WARN 10164 --- [restartedMain] JpaBaseConfiguration$JpaWebConfiguration : spring.jpa.open-in-view is enabled by default. Therefore, database queries may be performed during view rendering. Explicitly configure spring.jpa.open-in-view to disable this warning
2020-12-13 09:10:37.124  INFO 10164 --- [task-1] o.hibernate.annotations.common.Version   : HCANN000001: Hibernate Commons Annotations {5.1.0.Final}
2020-12-13 09:10:37.237  INFO 10164 --- [task-1] org.hibernate.dialect.Dialect            : HHH000400: Using dialect: org.hibernate.dialect.H2Dialect
2020-12-13 09:10:37.337  INFO 10164 --- [restartedMain] o.s.b.d.a.OptionalLiveReloadServer       : LiveReload server is running on port 35729
2020-12-13 09:10:37.376  INFO 10164 --- [restartedMain] o.s.b.w.embedded.tomcat.TomcatWebServer  : Tomcat started on port(s): 8080 (http) with context path ''
2020-12-13 09:10:37.378  INFO 10164 --- [restartedMain] DeferredRepositoryInitializationListener : Triggering deferred initialization of Spring Data repositories…
2020-12-13 09:10:38.247  INFO 10164 --- [task-1] o.h.e.t.j.p.i.JtaPlatformInitiator       : HHH000490: Using JtaPlatform implementation: [org.hibernate.engine.transaction.jta.platform.internal.NoJtaPlatform]
2020-12-13 09:10:38.254  INFO 10164 --- [task-1] j.LocalContainerEntityManagerFactoryBean : Initialized JPA EntityManagerFactory for persistence unit 'default'
2020-12-13 09:10:38.572  INFO 10164 --- [restartedMain] DeferredRepositoryInitializationListener : Spring Data repositories initialized!
2020-12-13 09:10:38.580  INFO 10164 --- [restartedMain] c.n.Appointees.AppointeesApplication     : Started AppointeesApplication in 4.114 seconds (JVM running for 5.021)
2020-12-13 09:10:47.161  INFO 23036 --- [restartedMain] c.n.Appointees.AppointeesApplication     : Starting AppointeesApplication on DESKTOP-CULSAEC with PID 23036 (C:\Users\serka\Documents\Appointees\target\classes started by serka in C:\Users\serka\Documents\Appointees)
2020-12-13 09:10:47.164  INFO 23036 --- [restartedMain] c.n.Appointees.AppointeesApplication     : No active profile set, falling back to default profiles: default
2020-12-13 09:10:47.227  INFO 23036 --- [restartedMain] .e.DevToolsPropertyDefaultsPostProcessor : Devtools property defaults active! Set 'spring.devtools.add-properties' to 'false' to disable
2020-12-13 09:10:47.227  INFO 23036 --- [restartedMain] .e.DevToolsPropertyDefaultsPostProcessor : For additional web related logging consider setting the 'logging.level.web' property to 'DEBUG'
2020-12-13 09:10:47.989  INFO 23036 --- [restartedMain] .s.d.r.c.RepositoryConfigurationDelegate : Bootstrapping Spring Data JPA repositories in DEFERRED mode.
2020-12-13 09:10:48.118  INFO 23036 --- [restartedMain] .s.d.r.c.RepositoryConfigurationDelegate : Finished Spring Data repository scanning in 119ms. Found 9 JPA repository interfaces.
2020-12-13 09:10:48.656  INFO 23036 --- [restartedMain] o.s.b.w.embedded.tomcat.TomcatWebServer  : Tomcat initialized with port(s): 8080 (http)
2020-12-13 09:10:48.665  INFO 23036 --- [restartedMain] o.apache.catalina.core.StandardService   : Starting service [Tomcat]
2020-12-13 09:10:48.665  INFO 23036 --- [restartedMain] org.apache.catalina.core.StandardEngine  : Starting Servlet engine: [Apache Tomcat/9.0.38]
2020-12-13 09:10:48.788  INFO 23036 --- [restartedMain] o.a.c.c.C.[Tomcat].[localhost].[/]       : Initializing Spring embedded WebApplicationContext
2020-12-13 09:10:48.788  INFO 23036 --- [restartedMain] w.s.c.ServletWebServerApplicationContext : Root WebApplicationContext: initialization completed in 1561 ms
2020-12-13 09:10:48.832  INFO 23036 --- [restartedMain] com.zaxxer.hikari.HikariDataSource       : HikariPool-1 - Starting...
2020-12-13 09:10:48.931  INFO 23036 --- [restartedMain] com.zaxxer.hikari.HikariDataSource       : HikariPool-1 - Start completed.
2020-12-13 09:10:48.938  INFO 23036 --- [restartedMain] o.s.b.a.h2.H2ConsoleAutoConfiguration    : H2 console available at '/h2'. Database available at 'jdbc:h2:mem:appointmentapp'
2020-12-13 09:10:49.060  INFO 23036 --- [restartedMain] o.s.s.concurrent.ThreadPoolTaskExecutor  : Initializing ExecutorService 'applicationTaskExecutor'
2020-12-13 09:10:49.111  INFO 23036 --- [task-1] o.hibernate.jpa.internal.util.LogHelper  : HHH000204: Processing PersistenceUnitInfo [name: default]
2020-12-13 09:10:49.158  INFO 23036 --- [task-1] org.hibernate.Version                    : HHH000412: Hibernate ORM core version 5.4.21.Final
2020-12-13 09:10:49.166  WARN 23036 --- [restartedMain] JpaBaseConfiguration$JpaWebConfiguration : spring.jpa.open-in-view is enabled by default. Therefore, database queries may be performed during view rendering. Explicitly configure spring.jpa.open-in-view to disable this warning
2020-12-13 09:10:49.342  INFO 23036 --- [task-1] o.hibernate.annotations.common.Version   : HCANN000001: Hibernate Commons Annotations {5.1.0.Final}
2020-12-13 09:10:49.462  INFO 23036 --- [task-1] org.hibernate.dialect.Dialect            : HHH000400: Using dialect: org.hibernate.dialect.H2Dialect
2020-12-13 09:10:49.545  INFO 23036 --- [restartedMain] o.s.b.d.a.OptionalLiveReloadServer       : LiveReload server is running on port 35729
2020-12-13 09:10:49.583  INFO 23036 --- [restartedMain] o.s.b.w.embedded.tomcat.TomcatWebServer  : Tomcat started on port(s): 8080 (http) with context path ''
2020-12-13 09:10:49.585  INFO 23036 --- [restartedMain] DeferredRepositoryInitializationListener : Triggering deferred initialization of Spring Data repositories…
2020-12-13 09:10:50.460  INFO 23036 --- [task-1] o.h.e.t.j.p.i.JtaPlatformInitiator       : HHH000490: Using JtaPlatform implementation: [org.hibernate.engine.transaction.jta.platform.internal.NoJtaPlatform]
2020-12-13 09:10:50.468  INFO 23036 --- [task-1] j.LocalContainerEntityManagerFactoryBean : Initialized JPA EntityManagerFactory for persistence unit 'default'
2020-12-13 09:10:50.783  INFO 23036 --- [restartedMain] DeferredRepositoryInitializationListener : Spring Data repositories initialized!
2020-12-13 09:10:50.793  INFO 23036 --- [restartedMain] c.n.Appointees.AppointeesApplication     : Started AppointeesApplication in 4.061 seconds (JVM running for 5.229)
