2021-01-16 07:16:08.673  INFO 2500 --- [main] c.n.A.AppointeesApplicationTests         : Starting AppointeesApplicationTests on DESKTOP-CULSAEC with PID 2500 (started by serka in C:\Users\serka\Documents\Appointees_New\api)
2021-01-16 07:16:08.692  INFO 2500 --- [main] c.n.A.AppointeesApplicationTests         : No active profile set, falling back to default profiles: default
2021-01-16 07:16:09.877  INFO 2500 --- [main] .s.d.r.c.RepositoryConfigurationDelegate : Bootstrapping Spring Data JPA repositories in DEFERRED mode.
2021-01-16 07:16:10.081  INFO 2500 --- [main] .s.d.r.c.RepositoryConfigurationDelegate : Finished Spring Data repository scanning in 192ms. Found 15 JPA repository interfaces.
2021-01-16 07:16:10.837  INFO 2500 --- [main] o.s.s.concurrent.ThreadPoolTaskExecutor  : Initializing ExecutorService 'applicationTaskExecutor'
2021-01-16 07:16:10.861  INFO 2500 --- [main] com.zaxxer.hikari.HikariDataSource       : HikariPool-1 - Starting...
2021-01-16 07:16:11.108  INFO 2500 --- [main] com.zaxxer.hikari.HikariDataSource       : HikariPool-1 - Start completed.
2021-01-16 07:16:11.245  INFO 2500 --- [task-1] o.hibernate.jpa.internal.util.LogHelper  : HHH000204: Processing PersistenceUnitInfo [name: default]
2021-01-16 07:16:11.341  INFO 2500 --- [task-1] org.hibernate.Version                    : HHH000412: Hibernate ORM core version 5.4.21.Final
2021-01-16 07:16:11.572  INFO 2500 --- [task-1] o.hibernate.annotations.common.Version   : HCANN000001: Hibernate Commons Annotations {5.1.0.Final}
2021-01-16 07:16:11.742  WARN 2500 --- [main] JpaBaseConfiguration$JpaWebConfiguration : spring.jpa.open-in-view is enabled by default. Therefore, database queries may be performed during view rendering. Explicitly configure spring.jpa.open-in-view to disable this warning
2021-01-16 07:16:12.067  INFO 2500 --- [task-1] org.hibernate.dialect.Dialect            : HHH000400: Using dialect: org.hibernate.dialect.H2Dialect
2021-01-16 07:16:12.212  INFO 2500 --- [main] o.s.b.a.h2.H2ConsoleAutoConfiguration    : H2 console available at '/h2'. Database available at 'jdbc:h2:mem:appointmentapp'
2021-01-16 07:16:12.730  INFO 2500 --- [main] DeferredRepositoryInitializationListener : Triggering deferred initialization of Spring Data repositories…
2021-01-16 07:16:13.785  INFO 2500 --- [task-1] o.h.e.t.j.p.i.JtaPlatformInitiator       : HHH000490: Using JtaPlatform implementation: [org.hibernate.engine.transaction.jta.platform.internal.NoJtaPlatform]
2021-01-16 07:16:13.799  INFO 2500 --- [task-1] j.LocalContainerEntityManagerFactoryBean : Initialized JPA EntityManagerFactory for persistence unit 'default'
2021-01-16 07:16:14.479  INFO 2500 --- [main] DeferredRepositoryInitializationListener : Spring Data repositories initialized!
2021-01-16 07:16:14.488  INFO 2500 --- [main] c.n.A.AppointeesApplicationTests         : Started AppointeesApplicationTests in 6.248 seconds (JVM running for 8.05)
2021-01-16 07:16:17.407  INFO 2500 --- [SpringContextShutdownHook] j.LocalContainerEntityManagerFactoryBean : Closing JPA EntityManagerFactory for persistence unit 'default'
2021-01-16 07:16:17.407  INFO 2500 --- [SpringContextShutdownHook] .SchemaDropperImpl$DelayedDropActionImpl : HHH000477: Starting delayed evictData of schema as part of SessionFactory shut-down'
2021-01-16 07:16:17.419  INFO 2500 --- [SpringContextShutdownHook] o.s.s.concurrent.ThreadPoolTaskExecutor  : Shutting down ExecutorService 'applicationTaskExecutor'
2021-01-16 07:16:17.421  INFO 2500 --- [SpringContextShutdownHook] com.zaxxer.hikari.HikariDataSource       : HikariPool-1 - Shutdown initiated...
2021-01-16 07:16:17.425  INFO 2500 --- [SpringContextShutdownHook] com.zaxxer.hikari.HikariDataSource       : HikariPool-1 - Shutdown completed.
2021-01-16 07:28:21.699  INFO 10488 --- [main] c.n.A.AppointeesApplicationTests         : Starting AppointeesApplicationTests on DESKTOP-CULSAEC with PID 10488 (started by serka in C:\Users\serka\Documents\Appointees_New\api)
2021-01-16 07:28:21.701  INFO 10488 --- [main] c.n.A.AppointeesApplicationTests         : No active profile set, falling back to default profiles: default
2021-01-16 07:28:22.861  INFO 10488 --- [main] .s.d.r.c.RepositoryConfigurationDelegate : Bootstrapping Spring Data JPA repositories in DEFERRED mode.
2021-01-16 07:28:23.061  INFO 10488 --- [main] .s.d.r.c.RepositoryConfigurationDelegate : Finished Spring Data repository scanning in 185ms. Found 15 JPA repository interfaces.
2021-01-16 07:28:23.804  INFO 10488 --- [main] o.s.s.concurrent.ThreadPoolTaskExecutor  : Initializing ExecutorService 'applicationTaskExecutor'
2021-01-16 07:28:23.822  INFO 10488 --- [main] com.zaxxer.hikari.HikariDataSource       : HikariPool-1 - Starting...
2021-01-16 07:28:24.084  INFO 10488 --- [main] com.zaxxer.hikari.HikariDataSource       : HikariPool-1 - Start completed.
2021-01-16 07:28:24.218  INFO 10488 --- [task-1] o.hibernate.jpa.internal.util.LogHelper  : HHH000204: Processing PersistenceUnitInfo [name: default]
2021-01-16 07:28:24.312  INFO 10488 --- [task-1] org.hibernate.Version                    : HHH000412: Hibernate ORM core version 5.4.21.Final
2021-01-16 07:28:24.554  INFO 10488 --- [task-1] o.hibernate.annotations.common.Version   : HCANN000001: Hibernate Commons Annotations {5.1.0.Final}
2021-01-16 07:28:24.729  WARN 10488 --- [main] JpaBaseConfiguration$JpaWebConfiguration : spring.jpa.open-in-view is enabled by default. Therefore, database queries may be performed during view rendering. Explicitly configure spring.jpa.open-in-view to disable this warning
2021-01-16 07:28:25.010  INFO 10488 --- [task-1] org.hibernate.dialect.Dialect            : HHH000400: Using dialect: org.hibernate.dialect.H2Dialect
2021-01-16 07:28:25.209  INFO 10488 --- [main] o.s.b.a.h2.H2ConsoleAutoConfiguration    : H2 console available at '/h2'. Database available at 'jdbc:h2:mem:appointmentapp'
2021-01-16 07:28:25.635  INFO 10488 --- [main] DeferredRepositoryInitializationListener : Triggering deferred initialization of Spring Data repositories…
2021-01-16 07:28:26.684  INFO 10488 --- [task-1] o.h.e.t.j.p.i.JtaPlatformInitiator       : HHH000490: Using JtaPlatform implementation: [org.hibernate.engine.transaction.jta.platform.internal.NoJtaPlatform]
2021-01-16 07:28:26.696  INFO 10488 --- [task-1] j.LocalContainerEntityManagerFactoryBean : Initialized JPA EntityManagerFactory for persistence unit 'default'
2021-01-16 07:28:27.343  INFO 10488 --- [main] DeferredRepositoryInitializationListener : Spring Data repositories initialized!
2021-01-16 07:28:27.353  INFO 10488 --- [main] c.n.A.AppointeesApplicationTests         : Started AppointeesApplicationTests in 6.076 seconds (JVM running for 7.975)
2021-01-16 07:28:30.195  INFO 10488 --- [SpringContextShutdownHook] j.LocalContainerEntityManagerFactoryBean : Closing JPA EntityManagerFactory for persistence unit 'default'
2021-01-16 07:28:30.196  INFO 10488 --- [SpringContextShutdownHook] .SchemaDropperImpl$DelayedDropActionImpl : HHH000477: Starting delayed evictData of schema as part of SessionFactory shut-down'
2021-01-16 07:28:30.209  INFO 10488 --- [SpringContextShutdownHook] o.s.s.concurrent.ThreadPoolTaskExecutor  : Shutting down ExecutorService 'applicationTaskExecutor'
2021-01-16 07:28:30.210  INFO 10488 --- [SpringContextShutdownHook] com.zaxxer.hikari.HikariDataSource       : HikariPool-1 - Shutdown initiated...
2021-01-16 07:28:30.215  INFO 10488 --- [SpringContextShutdownHook] com.zaxxer.hikari.HikariDataSource       : HikariPool-1 - Shutdown completed.
